<html>
<body>
<pre>
<h1>µVision Build Log</h1>
<h2>Tool Versions:</h2>
IDE-Version: ¦ÌVision V5.26.2.0
Copyright (C) 2018 ARM Ltd and ARM Germany GmbH. All rights reserved.
License Information: Administrator Administrator, Administrator, LIC=HN0AE-5XBZ5-MMK9I-TP5YZ-7TG5K-GD3BL
 
Tool Versions:
Toolchain:       MDK-ARM Plus  Version: 5.26.2.0
Toolchain Path:  C:\Keil_v5\ARM\ARMCC\Bin
C Compiler:      Armcc.exe V5.06 update 6 (build 750)
Assembler:       Armasm.exe V5.06 update 6 (build 750)
Linker/Locator:  ArmLink.exe V5.06 update 6 (build 750)
Library Manager: ArmAr.exe V5.06 update 6 (build 750)
Hex Converter:   FromElf.exe V5.06 update 6 (build 750)
CPU DLL:         
Dialog DLL:      
Target DLL:      Segger\JL2CM3.dll V2.99.31.0
Dialog DLL:      TCM.DLL V1.36.1.0
 
<h2>Project:</h2>
C:\Users\Administrator\Desktop\nRF5_SDK_15.2.0_9412b96\examples\peripheral\uart\pca10056\blank\arm5_no_packs\uart_pca10056.uvprojx
Project File Date:  05/17/2025

<h2>Output:</h2>
*** Using Compiler 'V5.06 update 6 (build 750)', folder: 'C:\Keil_v5\ARM\ARMCC\Bin'
Build target 'nrf52840_xxaa'
compiling main.c...
..\..\..\main.c(157): error:  #167: argument of type "const app_uart_comm_params_t *" is incompatible with parameter of type "nrf_uart_obj_t *"
      APP_UART_FIFO_INIT(&comm_params,
..\..\..\main.c(157): error:  #167: argument of type "void (*)(app_uart_evt_t *)" is incompatible with parameter of type "app_irq_priority_t"
      APP_UART_FIFO_INIT(&comm_params,
..\..\..\main.c(157): error:  #140: too many arguments in function call
      APP_UART_FIFO_INIT(&comm_params,
..\..\..\main.c(172): error:  #167: argument of type "uint8_t *" is incompatible with parameter of type "nrf_uart_obj_t *"
          while (app_uart_get(&cr) != NRF_SUCCESS);
..\..\..\main.c(172): error:  #165: too few arguments in function call
          while (app_uart_get(&cr) != NRF_SUCCESS);
..\..\..\main.c(173): error:  #167: argument of type "uint8_t" is incompatible with parameter of type "nrf_uart_obj_t *"
          while (app_uart_put(cr) != NRF_SUCCESS);
..\..\..\main.c(173): error:  #165: too few arguments in function call
          while (app_uart_put(cr) != NRF_SUCCESS);
..\..\..\main.c: 0 warnings, 7 errors
".\_build\nrf52840_xxaa.axf" - 7 Error(s), 0 Warning(s).

<h2>Software Packages used:</h2>

Package Vendor: ARM
                http://www.keil.com/pack/ARM.CMSIS.4.5.0.pack
                ARM.CMSIS.4.5.0
                CMSIS (Cortex Microcontroller Software Interface Standard)
   * Component: CORE Version: 4.3.0

Package Vendor: NordicSemiconductor
                http://developer.nordicsemi.com/nRF5_SDK/pieces/nRF_DeviceFamilyPack/NordicSemiconductor.nRF_DeviceFamilyPack.8.17.0.pack
                NordicSemiconductor.nRF_DeviceFamilyPack.8.17.0
                Nordic Semiconductor nRF ARM devices Device Family Pack.
   * Component: Startup Version: 8.17.0

<h2>Collection of Component include folders:</h2>
  .\RTE\_nrf52840_xxaa
  C:\Keil_v5\ARM\PACK\ARM\CMSIS\4.5.0\CMSIS\Include
  C:\Keil_v5\ARM\PACK\NordicSemiconductor\nRF_DeviceFamilyPack\8.17.0\Device\Include

<h2>Collection of Component Files used:</h2>

   * Component: ARM::CMSIS:CORE:4.3.0

   * Component: NordicSemiconductor::Device:Startup:8.17.0
      Source file:   Device\Source\system_nrf52840.c
      Source file:   Device\Source\arm\arm_startup_nrf52840.s
      Include file:  Device\Include\system_nrf52840.h
Target not created.
Build Time Elapsed:  00:00:02
</pre>
</body>
</html>
